# JRE version: Java(TM) SE Runtime Environment (8.0_241-b07) (build 1.8.0_241-b07)
# Java VM: Java HotSpot(TM) 64-Bit Server VM (25.241-b07 mixed mode windows-amd64 compressed oops)
Heap:
 PSYoungGen      total 531456K, used 1479K [0x000000076ab00000, 0x0000000795500000, 0x00000007c0000000)
  eden space 499200K, 0% used [0x000000076ab00000,0x000000076ab00000,0x0000000789280000)
  from space 32256K, 4% used [0x0000000789280000,0x00000007893f1dc8,0x000000078b200000)
  to   space 32768K, 0% used [0x0000000793500000,0x0000000793500000,0x0000000795500000)
 ParOldGen       total 154112K, used 68341K [0x00000006c0000000, 0x00000006c9680000, 0x000000076ab00000)
  object space 154112K, 44% used [0x00000006c0000000,0x00000006c42bd5a0,0x00000006c9680000)
 Metaspace       used 108160K, capacity 112684K, committed 112856K, reserved 1153024K
  class space    used 14031K, capacity 15036K, committed 15104K, reserved 1048576K
GC Heap History (10 events):
Event: 45.951 GC heap before
{Heap before GC invocations=13 (full 3):
 PSYoungGen      total 395776K, used 395764K [0x000000076ab00000, 0x000000078d080000, 0x00000007c0000000)
  eden space 374272K, 100% used [0x000000076ab00000,0x0000000781880000,0x0000000781880000)
  from space 21504K, 99% used [0x0000000781880000,0x0000000782d7d0d8,0x0000000782d80000)
  to   space 26112K, 0% used [0x000000078b700000,0x000000078b700000,0x000000078d080000)
 ParOldGen       total 154112K, used 40825K [0x00000006c0000000, 0x00000006c9680000, 0x000000076ab00000)
  object space 154112K, 26% used [0x00000006c0000000,0x00000006c27de528,0x00000006c9680000)
 Metaspace       used 85828K, capacity 89370K, committed 89560K, reserved 1126400K
  class space    used 11447K, capacity 12216K, committed 12288K, reserved 1048576K
Event: 46.004 GC heap after
Heap after GC invocations=13 (full 3):
 PSYoungGen      total 525312K, used 26098K [0x000000076ab00000, 0x000000078d180000, 0x00000007c0000000)
  eden space 499200K, 0% used [0x000000076ab00000,0x000000076ab00000,0x0000000789280000)
  from space 26112K, 99% used [0x000000078b700000,0x000000078d07ca20,0x000000078d080000)
  to   space 32256K, 0% used [0x0000000789280000,0x0000000789280000,0x000000078b200000)
 ParOldGen       total 154112K, used 48742K [0x00000006c0000000, 0x00000006c9680000, 0x000000076ab00000)
  object space 154112K, 31% used [0x00000006c0000000,0x00000006c2f99bc8,0x00000006c9680000)
 Metaspace       used 85828K, capacity 89370K, committed 89560K, reserved 1126400K
  class space    used 11447K, capacity 12216K, committed 12288K, reserved 1048576K
}
Event: 48.182 GC heap before
{Heap before GC invocations=14 (full 3):
 PSYoungGen      total 525312K, used 160218K [0x000000076ab00000, 0x000000078d180000, 0x00000007c0000000)
  eden space 499200K, 26% used [0x000000076ab00000,0x0000000772df9e60,0x0000000789280000)
  from space 26112K, 99% used [0x000000078b700000,0x000000078d07ca20,0x000000078d080000)
  to   space 32256K, 0% used [0x0000000789280000,0x0000000789280000,0x000000078b200000)
 ParOldGen       total 154112K, used 48742K [0x00000006c0000000, 0x00000006c9680000, 0x000000076ab00000)
  object space 154112K, 31% used [0x00000006c0000000,0x00000006c2f99bc8,0x00000006c9680000)
 Metaspace       used 94664K, capacity 98392K, committed 98496K, reserved 1134592K
  class space    used 12369K, capacity 13183K, committed 13184K, reserved 1048576K
Event: 48.252 GC heap after
Heap after GC invocations=14 (full 3):
 PSYoungGen      total 531456K, used 13744K [0x000000076ab00000, 0x0000000797100000, 0x00000007c0000000)
  eden space 499200K, 0% used [0x000000076ab00000,0x000000076ab00000,0x0000000789280000)
  from space 32256K, 42% used [0x0000000789280000,0x0000000789fec020,0x000000078b200000)
  to   space 31232K, 0% used [0x0000000795280000,0x0000000795280000,0x0000000797100000)
 ParOldGen       total 154112K, used 70658K [0x00000006c0000000, 0x00000006c9680000, 0x000000076ab00000)
  object space 154112K, 45% used [0x00000006c0000000,0x00000006c45008e8,0x00000006c9680000)
 Metaspace       used 94664K, capacity 98392K, committed 98496K, reserved 1134592K
  class space    used 12369K, capacity 13183K, committed 13184K, reserved 1048576K
}
Event: 48.252 GC heap before
{Heap before GC invocations=15 (full 4):
 PSYoungGen      total 531456K, used 13744K [0x000000076ab00000, 0x0000000797100000, 0x00000007c0000000)
  eden space 499200K, 0% used [0x000000076ab00000,0x000000076ab00000,0x0000000789280000)
  from space 32256K, 42% used [0x0000000789280000,0x0000000789fec020,0x000000078b200000)
  to   space 31232K, 0% used [0x0000000795280000,0x0000000795280000,0x0000000797100000)
 ParOldGen       total 154112K, used 70658K [0x00000006c0000000, 0x00000006c9680000, 0x000000076ab00000)
  object space 154112K, 45% used [0x00000006c0000000,0x00000006c45008e8,0x00000006c9680000)
 Metaspace       used 94664K, capacity 98392K, committed 98496K, reserved 1134592K
  class space    used 12369K, capacity 13183K, committed 13184K, reserved 1048576K
Event: 48.529 GC heap after
Heap after GC invocations=15 (full 4):
 PSYoungGen      total 531456K, used 0K [0x000000076ab00000, 0x0000000797100000, 0x00000007c0000000)
  eden space 499200K, 0% used [0x000000076ab00000,0x000000076ab00000,0x0000000789280000)
  from space 32256K, 0% used [0x0000000789280000,0x0000000789280000,0x000000078b200000)
  to   space 31232K, 0% used [0x0000000795280000,0x0000000795280000,0x0000000797100000)
 ParOldGen       total 154112K, used 59633K [0x00000006c0000000, 0x00000006c9680000, 0x000000076ab00000)
  object space 154112K, 38% used [0x00000006c0000000,0x00000006c3a3c630,0x00000006c9680000)
 Metaspace       used 94559K, capacity 98152K, committed 98496K, reserved 1134592K
  class space    used 12338K, capacity 13147K, committed 13184K, reserved 1048576K
}
Event: 52.680 GC heap before
{Heap before GC invocations=16 (full 4):
 PSYoungGen      total 531456K, used 217649K [0x000000076ab00000, 0x0000000797100000, 0x00000007c0000000)
  eden space 499200K, 43% used [0x000000076ab00000,0x0000000777f8c5c8,0x0000000789280000)
  from space 32256K, 0% used [0x0000000789280000,0x0000000789280000,0x000000078b200000)
  to   space 31232K, 0% used [0x0000000795280000,0x0000000795280000,0x0000000797100000)
 ParOldGen       total 154112K, used 59633K [0x00000006c0000000, 0x00000006c9680000, 0x000000076ab00000)
  object space 154112K, 38% used [0x00000006c0000000,0x00000006c3a3c630,0x00000006c9680000)
 Metaspace       used 107564K, capacity 112156K, committed 112344K, reserved 1150976K
  class space    used 13965K, capacity 14988K, committed 15104K, reserved 1048576K
Event: 52.892 GC heap after
Heap after GC invocations=16 (full 4):
 PSYoungGen      total 530432K, used 21194K [0x000000076ab00000, 0x0000000797100000, 0x00000007c0000000)
  eden space 499200K, 0% used [0x000000076ab00000,0x000000076ab00000,0x0000000789280000)
  from space 31232K, 67% used [0x0000000795280000,0x0000000796732900,0x0000000797100000)
  to   space 32256K, 0% used [0x0000000789280000,0x0000000789280000,0x000000078b200000)
 ParOldGen       total 154112K, used 59641K [0x00000006c0000000, 0x00000006c9680000, 0x000000076ab00000)
  object space 154112K, 38% used [0x00000006c0000000,0x00000006c3a3e630,0x00000006c9680000)
 Metaspace       used 107564K, capacity 112156K, committed 112344K, reserved 1150976K
  class space    used 13965K, capacity 14988K, committed 15104K, reserved 1048576K
}
Event: 52.892 GC heap before
{Heap before GC invocations=17 (full 5):
 PSYoungGen      total 530432K, used 21194K [0x000000076ab00000, 0x0000000797100000, 0x00000007c0000000)
  eden space 499200K, 0% used [0x000000076ab00000,0x000000076ab00000,0x0000000789280000)
  from space 31232K, 67% used [0x0000000795280000,0x0000000796732900,0x0000000797100000)
  to   space 32256K, 0% used [0x0000000789280000,0x0000000789280000,0x000000078b200000)
 ParOldGen       total 154112K, used 59641K [0x00000006c0000000, 0x00000006c9680000, 0x000000076ab00000)
  object space 154112K, 38% used [0x00000006c0000000,0x00000006c3a3e630,0x00000006c9680000)
 Metaspace       used 107564K, capacity 112156K, committed 112344K, reserved 1150976K
  class space    used 13965K, capacity 14988K, committed 15104K, reserved 1048576K
Event: 53.302 GC heap after
Heap after GC invocations=17 (full 5):
 PSYoungGen      total 530432K, used 0K [0x000000076ab00000, 0x0000000797100000, 0x00000007c0000000)
  eden space 499200K, 0% used [0x000000076ab00000,0x000000076ab00000,0x0000000789280000)
  from space 31232K, 0% used [0x0000000795280000,0x0000000795280000,0x0000000797100000)
  to   space 32256K, 0% used [0x0000000789280000,0x0000000789280000,0x000000078b200000)
 ParOldGen       total 154112K, used 68341K [0x00000006c0000000, 0x00000006c9680000, 0x000000076ab00000)
  object space 154112K, 44% used [0x00000006c0000000,0x00000006c42bd5a0,0x00000006c9680000)
 Metaspace       used 107493K, capacity 112012K, committed 112344K, reserved 1148928K
  class space    used 13945K, capacity 14940K, committed 15104K, reserved 1048576K
}

